Using pre-set license
Built from '2021.3/staging' branch; Version is '2021.3.22f1 (b6c551784ba3) revision 11978065'; Using compiler version '192829333'; Build Type 'Release'
OS: 'Windows 10  (10.0.19045) 64bit Enterprise' Language: 'en' Physical Memory: 65244 MB
BatchMode: 1, IsHumanControllingUs: 0, StartBugReporterOnCrash: 0, Is64bit: 1, IsPro: 1

COMMAND LINE ARGUMENTS:
C:\Program Files\Unity\Hub\Editor\2021.3.22f1\Editor\Unity.exe
-adb2
-batchMode
-noUpm
-name
AssetImportWorker0
-projectPath
C:/Users/Administrator/Desktop/Johnatann/Johnatan
-logFile
Logs/AssetImportWorker0.log
-srvPort
51335
Successfully changed project path to: C:/Users/Administrator/Desktop/Johnatann/Johnatan
C:/Users/Administrator/Desktop/Johnatann/Johnatan
[UnityMemory] Configuration Parameters - Can be set up in boot.config
    "memorysetup-bucket-allocator-granularity=16"
    "memorysetup-bucket-allocator-bucket-count=8"
    "memorysetup-bucket-allocator-block-size=33554432"
    "memorysetup-bucket-allocator-block-count=8"
    "memorysetup-main-allocator-block-size=16777216"
    "memorysetup-thread-allocator-block-size=16777216"
    "memorysetup-gfx-main-allocator-block-size=16777216"
    "memorysetup-gfx-thread-allocator-block-size=16777216"
    "memorysetup-cache-allocator-block-size=4194304"
    "memorysetup-typetree-allocator-block-size=2097152"
    "memorysetup-profiler-bucket-allocator-granularity=16"
    "memorysetup-profiler-bucket-allocator-bucket-count=8"
    "memorysetup-profiler-bucket-allocator-block-size=33554432"
    "memorysetup-profiler-bucket-allocator-block-count=8"
    "memorysetup-profiler-allocator-block-size=16777216"
    "memorysetup-profiler-editor-allocator-block-size=1048576"
    "memorysetup-temp-allocator-size-main=16777216"
    "memorysetup-job-temp-allocator-block-size=2097152"
    "memorysetup-job-temp-allocator-block-size-background=1048576"
    "memorysetup-job-temp-allocator-reduction-small-platforms=262144"
    "memorysetup-temp-allocator-size-background-worker=32768"
    "memorysetup-temp-allocator-size-job-worker=262144"
    "memorysetup-temp-allocator-size-preload-manager=33554432"
    "memorysetup-temp-allocator-size-nav-mesh-worker=65536"
    "memorysetup-temp-allocator-size-audio-worker=65536"
    "memorysetup-temp-allocator-size-cloud-worker=32768"
    "memorysetup-temp-allocator-size-gi-baking-worker=262144"
    "memorysetup-temp-allocator-size-gfx=262144"
Player connection [20880] Host "[IP] 10.128.3.110 [Port] 0 [Flags] 2 [Guid] 1228520780 [EditorId] 1228520780 [Version] 1048832 [Id] WindowsEditor(7,GD4FTW553) [Debug] 1 [PackageName] WindowsEditor [ProjectName] Editor" joined multi-casting on [225.0.0.222:54997]...

Player connection [20880] Host "[IP] 10.128.3.110 [Port] 0 [Flags] 2 [Guid] 1228520780 [EditorId] 1228520780 [Version] 1048832 [Id] WindowsEditor(7,GD4FTW553) [Debug] 1 [PackageName] WindowsEditor [ProjectName] Editor" joined alternative multi-casting on [225.0.0.222:34997]...

Refreshing native plugins compatible for Editor in 101.69 ms, found 4 plugins.
Preloading 0 native plugins for Editor in 0.00 ms.
Initialize engine version: 2021.3.22f1 (b6c551784ba3)
[Subsystems] Discovering subsystems at path C:/Program Files/Unity/Hub/Editor/2021.3.22f1/Editor/Data/Resources/UnitySubsystems
[Subsystems] Discovering subsystems at path C:/Users/Administrator/Desktop/Johnatann/Johnatan/Assets
GfxDevice: creating device client; threaded=0; jobified=0
Direct3D:
    Version:  Direct3D 11.0 [level 11.1]
    Renderer: NVIDIA GeForce RTX 2080 SUPER (ID=0x1e81)
    Vendor:   NVIDIA
    VRAM:     8001 MB
    Driver:   31.0.15.3619
Initialize mono
Mono path[0] = 'C:/Program Files/Unity/Hub/Editor/2021.3.22f1/Editor/Data/Managed'
Mono path[1] = 'C:/Program Files/Unity/Hub/Editor/2021.3.22f1/Editor/Data/MonoBleedingEdge/lib/mono/unityjit-win32'
Mono config path = 'C:/Program Files/Unity/Hub/Editor/2021.3.22f1/Editor/Data/MonoBleedingEdge/etc'
Using monoOptions --debugger-agent=transport=dt_socket,embedding=1,server=y,suspend=n,address=127.0.0.1:56868
Begin MonoManager ReloadAssembly
Registering precompiled unity dll's ...
Register platform support module: C:/Program Files/Unity/Hub/Editor/2021.3.22f1/Editor/Data/PlaybackEngines/WindowsStandaloneSupport/UnityEditor.WindowsStandalone.Extensions.dll
Registered in 0.004843 seconds.
Native extension for WindowsStandalone target not found
Refreshing native plugins compatible for Editor in 84.68 ms, found 4 plugins.
Preloading 0 native plugins for Editor in 0.00 ms.
Mono: successfully reloaded assembly
- Completed reload, in  0.637 seconds
Domain Reload Profiling:
	ReloadAssembly (637ms)
		BeginReloadAssembly (72ms)
			ExecutionOrderSort (0ms)
			DisableScriptedObjects (0ms)
			BackupInstance (0ms)
			ReleaseScriptingObjects (0ms)
			CreateAndSetChildDomain (1ms)
		EndReloadAssembly (479ms)
			LoadAssemblies (70ms)
			RebuildTransferFunctionScriptingTraits (0ms)
			SetupTypeCache (96ms)
			ReleaseScriptCaches (0ms)
			RebuildScriptCaches (71ms)
			SetupLoadedEditorAssemblies (268ms)
				LogAssemblyErrors (0ms)
				InitializePlatformSupportModulesInManaged (13ms)
				SetLoadedEditorAssemblies (0ms)
				RefreshPlugins (85ms)
				BeforeProcessingInitializeOnLoad (1ms)
				ProcessInitializeOnLoadAttributes (129ms)
				ProcessInitializeOnLoadMethodAttributes (40ms)
				AfterProcessingInitializeOnLoad (0ms)
				EditorAssembliesLoaded (0ms)
			ExecutionOrderSort2 (0ms)
			AwakeInstancesAfterBackupRestoration (0ms)
Platform modules already initialized, skipping
Registering precompiled user dll's ...
Registered in 0.006625 seconds.
Begin MonoManager ReloadAssembly
Symbol file LoadedFromMemory doesn't match image C:\Users\Administrator\Desktop\Johnatann\Johnatan\Library\PackageCache\com.unity.visualscripting@1.8.0\Editor\VisualScripting.Core\Dependencies\YamlDotNet\Unity.VisualScripting.YamlDotNet.dll
Symbol file LoadedFromMemory doesn't match image C:\Users\Administrator\Desktop\Johnatann\Johnatan\Library\PackageCache\com.unity.visualscripting@1.8.0\Editor\VisualScripting.Core\Dependencies\DotNetZip\Unity.VisualScripting.IonicZip.dll
Native extension for WindowsStandalone target not found
Refreshing native plugins compatible for Editor in 88.42 ms, found 4 plugins.
Preloading 0 native plugins for Editor in 0.00 ms.
Mono: successfully reloaded assembly
- Completed reload, in  1.210 seconds
Domain Reload Profiling:
	ReloadAssembly (1211ms)
		BeginReloadAssembly (123ms)
			ExecutionOrderSort (0ms)
			DisableScriptedObjects (5ms)
			BackupInstance (0ms)
			ReleaseScriptingObjects (0ms)
			CreateAndSetChildDomain (31ms)
		EndReloadAssembly (991ms)
			LoadAssemblies (81ms)
			RebuildTransferFunctionScriptingTraits (0ms)
			SetupTypeCache (218ms)
			ReleaseScriptCaches (1ms)
			RebuildScriptCaches (57ms)
			SetupLoadedEditorAssemblies (604ms)
				LogAssemblyErrors (0ms)
				InitializePlatformSupportModulesInManaged (4ms)
				SetLoadedEditorAssemblies (0ms)
				RefreshPlugins (89ms)
				BeforeProcessingInitializeOnLoad (99ms)
				ProcessInitializeOnLoadAttributes (370ms)
				ProcessInitializeOnLoadMethodAttributes (37ms)
				AfterProcessingInitializeOnLoad (5ms)
				EditorAssembliesLoaded (0ms)
			ExecutionOrderSort2 (0ms)
			AwakeInstancesAfterBackupRestoration (5ms)
Platform modules already initialized, skipping
========================================================================
Worker process is ready to serve import requests
Launched and connected shader compiler UnityShaderCompiler.exe after 0.08 seconds
Refreshing native plugins compatible for Editor in 0.72 ms, found 4 plugins.
Preloading 0 native plugins for Editor in 0.00 ms.
Unloading 3734 Unused Serialized files (Serialized files now loaded: 0)
Unloading 35 unused Assets / (56.5 KB). Loaded Objects now: 4193.
Memory consumption went from 142.6 MB to 142.6 MB.
Total: 8.784800 ms (FindLiveObjects: 0.707500 ms CreateObjectMapping: 0.684600 ms MarkObjects: 7.214200 ms  DeleteObjects: 0.176100 ms)

AssetImportParameters requested are different than current active one (requested -> active):
  custom:video-decoder-ogg-theora: a1e56fd34408186e4bbccfd4996cb3dc -> 
  custom:container-muxer-webm: aa71ff27fc2769a1b78a27578f13a17b -> 
  custom:container-demuxer-webm: 4f35f7cbe854078d1ac9338744f61a02 -> 
  custom:video-encoder-webm-vp8: eb34c28f22e8b96e1ab97ce403110664 -> 
  custom:audio-encoder-webm-vorbis: bf7c407c2cedff20999df2af8eb42d56 -> 
  custom:framework-win-MediaFoundation: 216162199b28c13a410421893ffa2e32 -> 
  custom:container-demuxer-ogg: 62fdf1f143b41e24485cea50d1cbac27 -> 
  custom:video-decoder-webm-vp8: 9c59270c3fd7afecdb556c50c9e8de78 -> 
  custom:audio-decoder-ogg-vorbis: bf7c407c2cedff20999df2af8eb42d56 -> 
========================================================================
Received Import Request.
  Time since last request: 40662.804541 seconds.
  path: Assets/Player.prefab
  artifactKey: Guid(8050cb23ec53b2348bec2ef66d96109a) Importer(815301076,1909f56bfc062723c751e8b465ee728b)
Start importing Assets/Player.prefab using Guid(8050cb23ec53b2348bec2ef66d96109a) Importer(815301076,1909f56bfc062723c751e8b465ee728b)  -> (artifact id: '3112a1705c0dedacf93a17785711c121') in 0.177583 seconds 
========================================================================
Received Import Request.
  Time since last request: 258.685243 seconds.
  path: Assets/SampleScene.unity
  artifactKey: Guid(13a631ad602c23745822297260e5f775) Importer(815301076,1909f56bfc062723c751e8b465ee728b)
Start importing Assets/SampleScene.unity using Guid(13a631ad602c23745822297260e5f775) Importer(815301076,1909f56bfc062723c751e8b465ee728b)  -> (artifact id: '4924d303950d389ad790e8a52b43e9c6') in 0.014062 seconds 
========================================================================
Received Import Request.
  Time since last request: 4.500414 seconds.
  path: Assets/Environment Prefabs
  artifactKey: Guid(d0352c9936217c84c88febfc4e9c10b1) Importer(815301076,1909f56bfc062723c751e8b465ee728b)
Start importing Assets/Environment Prefabs using Guid(d0352c9936217c84c88febfc4e9c10b1) Importer(815301076,1909f56bfc062723c751e8b465ee728b)  -> (artifact id: '888220278d408724ae15e21b387f6fa8') in 0.013065 seconds 
========================================================================
Received Import Request.
  Time since last request: 0.063170 seconds.
  path: Assets/Environment Prefabs/Environment a1.prefab
  artifactKey: Guid(ad656b50764be564fac10837cb6700f0) Importer(815301076,1909f56bfc062723c751e8b465ee728b)
Start importing Assets/Environment Prefabs/Environment a1.prefab using Guid(ad656b50764be564fac10837cb6700f0) Importer(815301076,1909f56bfc062723c751e8b465ee728b)  -> (artifact id: 'fee00117074d9e8676c14f2f4797991d') in 0.040063 seconds 
========================================================================
Received Import Request.
  Time since last request: 0.011655 seconds.
  path: Assets/Environment Prefabs/Environment a9.prefab
  artifactKey: Guid(1e17ef8c0f88ea543b7e18876ab8f28e) Importer(815301076,1909f56bfc062723c751e8b465ee728b)
Start importing Assets/Environment Prefabs/Environment a9.prefab using Guid(1e17ef8c0f88ea543b7e18876ab8f28e) Importer(815301076,1909f56bfc062723c751e8b465ee728b)  -> (artifact id: 'ecf546595bd6aa78f08ca3ab6ab79d25') in 0.023593 seconds 
========================================================================
Received Import Request.
  Time since last request: 0.000032 seconds.
  path: Assets/Environment Prefabs/Environment a6.prefab
  artifactKey: Guid(6c873690b413b5346a13180f3862cc59) Importer(815301076,1909f56bfc062723c751e8b465ee728b)
Start importing Assets/Environment Prefabs/Environment a6.prefab using Guid(6c873690b413b5346a13180f3862cc59) Importer(815301076,1909f56bfc062723c751e8b465ee728b)  -> (artifact id: '3566393db870bb1064c72b2d76fa4fad') in 0.017706 seconds 
========================================================================
Received Import Request.
  Time since last request: 0.000030 seconds.
  path: Assets/Environment Prefabs/Environment a3.prefab
  artifactKey: Guid(4dc84ae0e196b974a9e688a38ea65ef3) Importer(815301076,1909f56bfc062723c751e8b465ee728b)
Start importing Assets/Environment Prefabs/Environment a3.prefab using Guid(4dc84ae0e196b974a9e688a38ea65ef3) Importer(815301076,1909f56bfc062723c751e8b465ee728b)  -> (artifact id: '4e98b49230d2fc221cceadedf40263b1') in 0.018186 seconds 
========================================================================
Received Import Request.
  Time since last request: 0.000026 seconds.
  path: Assets/Environment Prefabs/Environment a11.prefab
  artifactKey: Guid(1121876ff2989ba469e926d74df3f63c) Importer(815301076,1909f56bfc062723c751e8b465ee728b)
Start importing Assets/Environment Prefabs/Environment a11.prefab using Guid(1121876ff2989ba469e926d74df3f63c) Importer(815301076,1909f56bfc062723c751e8b465ee728b)  -> (artifact id: '9bf07d9eb7138d883fcdab8ef660c3af') in 0.020134 seconds 
========================================================================
Received Import Request.
  Time since last request: 0.000022 seconds.
  path: Assets/Environment Prefabs/Environment a7.prefab
  artifactKey: Guid(4c7408943bab8184cad4645f830231be) Importer(815301076,1909f56bfc062723c751e8b465ee728b)
Start importing Assets/Environment Prefabs/Environment a7.prefab using Guid(4c7408943bab8184cad4645f830231be) Importer(815301076,1909f56bfc062723c751e8b465ee728b)  -> (artifact id: 'c3a8da984a51ff5b3deb257cc74fd5d5') in 0.015585 seconds 
========================================================================
Received Import Request.
  Time since last request: 0.000025 seconds.
  path: Assets/Environment Prefabs/Environment a8.prefab
  artifactKey: Guid(942444a6bd9d90548b2f8213eba60d07) Importer(815301076,1909f56bfc062723c751e8b465ee728b)
Start importing Assets/Environment Prefabs/Environment a8.prefab using Guid(942444a6bd9d90548b2f8213eba60d07) Importer(815301076,1909f56bfc062723c751e8b465ee728b)  -> (artifact id: 'a74ee118bbd50a5544fadd16426b1b9d') in 0.012631 seconds 
========================================================================
Received Import Request.
  Time since last request: 0.000038 seconds.
  path: Assets/Environment Prefabs/Environment a5.prefab
  artifactKey: Guid(5c526a7df8bea9f42ba13dc3748d3929) Importer(815301076,1909f56bfc062723c751e8b465ee728b)
Start importing Assets/Environment Prefabs/Environment a5.prefab using Guid(5c526a7df8bea9f42ba13dc3748d3929) Importer(815301076,1909f56bfc062723c751e8b465ee728b)  -> (artifact id: '74ef24bd29e45b4faac88a4e427072ff') in 0.024337 seconds 
Editor requested this worker to shutdown with reason: Scaling down because of idle timeout
AssetImportWorker is now disconnected from the server
Process exiting
Exiting without the bug reporter. Application will terminate with return code 0